[debug] [2024-04-04T08:35:30.403Z] ----------------------------------------------------------------------
[debug] [2024-04-04T08:35:30.406Z] Command:       /usr/local/nvm/versions/node/v20.11.1/bin/node /usr/local/nvm/versions/node/v20.11.1/bin/firebase init
[debug] [2024-04-04T08:35:30.406Z] CLI Version:   13.6.1
[debug] [2024-04-04T08:35:30.407Z] Platform:      linux
[debug] [2024-04-04T08:35:30.407Z] Node Version:  v20.11.1
[debug] [2024-04-04T08:35:30.407Z] Time:          Thu Apr 04 2024 08:35:30 GMT+0000 (Coordinated Universal Time)
[debug] [2024-04-04T08:35:30.407Z] ----------------------------------------------------------------------
[debug] 
[debug] [2024-04-04T08:35:30.413Z] > command requires scopes: ["email","openid","https://www.googleapis.com/auth/cloudplatformprojects.readonly","https://www.googleapis.com/auth/firebase","https://www.googleapis.com/auth/cloud-platform"]
[debug] [2024-04-04T08:35:30.509Z] Error getting account credentials.
[info] 
     ######## #### ########  ######## ########     ###     ######  ########
     ##        ##  ##     ## ##       ##     ##  ##   ##  ##       ##
     ######    ##  ########  ######   ########  #########  ######  ######
     ##        ##  ##    ##  ##       ##     ## ##     ##       ## ##
     ##       #### ##     ## ######## ########  ##     ##  ######  ########

You're about to initialize a Firebase project in this directory:

  /home/sfalabba/41200/traveldeals_sp24/gcf_send_deal

[info] 
=== Project Setup
[info] 
[info] First, let's associate this project directory with a Firebase project.
[info] You can create multiple project aliases by running firebase use --add, 
[info] but for now we'll just set up a default project.
[info] 
[debug] [2024-04-04T08:35:46.778Z] >>> [apiv2][query] GET https://firebase.googleapis.com/v1beta1/availableProjects pageSize=100
[debug] [2024-04-04T08:35:46.901Z] <<< [apiv2][status] GET https://firebase.googleapis.com/v1beta1/availableProjects 403
[debug] [2024-04-04T08:35:46.902Z] <<< [apiv2][body] GET https://firebase.googleapis.com/v1beta1/availableProjects [omitted]
[debug] [2024-04-04T08:35:46.902Z] HTTP Error: 403, Firebase Management API has not been used in project sp24-41200-sfalabba-traveldeal before or it is disabled. Enable it by visiting https://console.developers.google.com/apis/api/firebase.googleapis.com/overview?project=sp24-41200-sfalabba-traveldeal then retry. If you enabled this API recently, wait a few minutes for the action to propagate to our systems and retry.
[debug] [2024-04-04T08:35:46.903Z] FirebaseError: HTTP Error: 403, Firebase Management API has not been used in project sp24-41200-sfalabba-traveldeal before or it is disabled. Enable it by visiting https://console.developers.google.com/apis/api/firebase.googleapis.com/overview?project=sp24-41200-sfalabba-traveldeal then retry. If you enabled this API recently, wait a few minutes for the action to propagate to our systems and retry.
    at responseToError (/usr/local/nvm/versions/node/v20.11.1/lib/node_modules/firebase-tools/lib/responseToError.js:49:12)
    at RetryOperation._fn (/usr/local/nvm/versions/node/v20.11.1/lib/node_modules/firebase-tools/lib/apiv2.js:299:77)
    at process.processTicksAndRejections (node:internal/process/task_queues:95:5)
[error] 
[error] Error: Failed to list available Google Cloud Platform projects. See firebase-debug.log for more info.
